This file contains any messages produced by compilers while
running configure, to aid debugging if configure makes a mistake.

It was created by file configure 5.45, which was
generated by GNU Autoconf 2.71.  Invocation command line was

  $ ./configure

## --------- ##
## Platform. ##
## --------- ##

hostname = localhost
uname -m = armv7l
uname -r = 4.9.117+
uname -s = Linux
uname -v = #2 SMP PREEMPT Tue Jan 5 13:26:05 CST 2021

/usr/bin/uname -p = unknown
/bin/uname -X     = unknown

/bin/arch              = unknown
/usr/bin/arch -k       = unknown
/usr/convex/getsysinfo = unknown
/usr/bin/hostinfo      = unknown
/bin/machine           = unknown
/usr/bin/oslevel       = unknown
/bin/universe          = unknown

PATH: /data/data/com.termux/files/usr/bin/
PATH: /data/data/com.termux/files/home/.local/bin/


## ----------- ##
## Core tests. ##
## ----------- ##

configure:2746: looking for aux files: ltmain.sh compile config.guess config.sub missing install-sh
configure:2759:  trying ./
configure:2788:   ./ltmain.sh found
configure:2788:   ./compile found
configure:2788:   ./config.guess found
configure:2788:   ./config.sub found
configure:2788:   ./missing found
configure:2770:   ./install-sh found
configure:2917: checking for a BSD-compatible install
configure:2990: result: /data/data/com.termux/files/usr/bin/install -c
configure:3001: checking whether build environment is sane
configure:3056: result: yes
configure:3215: checking for a race-free mkdir -p
configure:3259: result: /data/data/com.termux/files/usr/bin/mkdir -p
configure:3266: checking for gawk
configure:3287: found /data/data/com.termux/files/usr/bin/gawk
configure:3298: result: gawk
configure:3309: checking whether make sets $(MAKE)
configure:3332: result: yes
configure:3362: checking whether make supports nested variables
configure:3380: result: yes
configure:3528: checking whether make supports nested variables
configure:3546: result: yes
configure:3562: checking for builtin ELF support
configure:3580: result: yes
configure:3589: checking for ELF core file support
configure:3607: result: yes
configure:3616: checking for zlib support
configure:3624: result: 
configure:3627: checking for bzlib support
configure:3635: result: 
configure:3638: checking for xzlib support
configure:3646: result: 
configure:3649: checking for zstdlib support
configure:3657: result: 
configure:3660: checking for lzlib support
configure:3668: result: 
configure:3671: checking for libseccomp support
configure:3679: result: 
configure:3682: checking for file formats in man section 5
configure:3699: result: no
configure:3712: checking build system type
configure:3727: result: armv7l-unknown-linux-gnueabi
configure:3747: checking host system type
configure:3761: result: armv7l-unknown-linux-gnueabi
configure:3875: checking for gcc
configure:3896: found /data/data/com.termux/files/usr/bin/gcc
configure:3907: result: gcc
configure:4260: checking for C compiler version
configure:4269: gcc --version >&5
clang version 18.1.8
Target: armv7a-unknown-linux-android24
Thread model: posix
InstalledDir: /data/data/com.termux/files/usr/bin
configure:4280: $? = 0
configure:4269: gcc -v >&5
clang version 18.1.8
Target: armv7a-unknown-linux-android24
Thread model: posix
InstalledDir: /data/data/com.termux/files/usr/bin
configure:4280: $? = 0
configure:4269: gcc -V >&5
gcc: error: argument to '-V' is missing (expected 1 value)
gcc: error: no input files
configure:4280: $? = 1
configure:4269: gcc -qversion >&5
gcc: error: unknown argument '-qversion'; did you mean '--version'?
gcc: error: no input files
configure:4280: $? = 1
configure:4269: gcc -version >&5
gcc: error: unknown argument '-version'; did you mean '--version'?
gcc: error: no input files
configure:4280: $? = 1
configure:4300: checking whether the C compiler works
configure:4322: gcc    conftest.c  >&5
configure:4326: $? = 0
configure:4376: result: yes
configure:4379: checking for C compiler default output file name
configure:4381: result: a.out
configure:4387: checking for suffix of executables
configure:4394: gcc -o conftest    conftest.c  >&5
configure:4398: $? = 0
configure:4421: result: 
configure:4443: checking whether we are cross compiling
configure:4451: gcc -o conftest    conftest.c  >&5
configure:4455: $? = 0
configure:4462: ./conftest
configure:4466: $? = 0
configure:4481: result: no
configure:4486: checking for suffix of object files
configure:4509: gcc -c   conftest.c >&5
configure:4513: $? = 0
configure:4535: result: o
configure:4539: checking whether the compiler supports GNU C
configure:4559: gcc -c   conftest.c >&5
configure:4559: $? = 0
configure:4569: result: yes
configure:4580: checking whether gcc accepts -g
configure:4601: gcc -c -g  conftest.c >&5
configure:4601: $? = 0
configure:4645: result: yes
configure:4665: checking for gcc option to enable C11 features
configure:4680: gcc  -c -g -O2  conftest.c >&5
conftest.c:27:14: warning: a function definition without a prototype is deprecated in all versions of C and is not supported in C23 [-Wdeprecated-non-prototype]
   27 | static char *e (p, i)
      |              ^
1 warning generated.
configure:4680: $? = 0
configure:4698: result: none needed
configure:4814: checking whether gcc understands -c and -o together
configure:4837: gcc -c conftest.c -o conftest2.o
configure:4840: $? = 0
configure:4837: gcc -c conftest.c -o conftest2.o
configure:4840: $? = 0
configure:4852: result: yes
configure:4872: checking whether make supports the include directive
configure:4887: make -f confmf.GNU && cat confinc.out
this is the am__doit target
configure:4890: $? = 0
configure:4909: result: yes (GNU style)
configure:4935: checking dependency style of gcc
configure:5047: result: gcc3
configure:5067: checking for stdio.h
configure:5067: gcc -c -g -O2  conftest.c >&5
configure:5067: $? = 0
configure:5067: result: yes
configure:5067: checking for stdlib.h
configure:5067: gcc -c -g -O2  conftest.c >&5
configure:5067: $? = 0
configure:5067: result: yes
configure:5067: checking for string.h
configure:5067: gcc -c -g -O2  conftest.c >&5
configure:5067: $? = 0
configure:5067: result: yes
configure:5067: checking for inttypes.h
configure:5067: gcc -c -g -O2  conftest.c >&5
configure:5067: $? = 0
configure:5067: result: yes
configure:5067: checking for stdint.h
configure:5067: gcc -c -g -O2  conftest.c >&5
configure:5067: $? = 0
configure:5067: result: yes
configure:5067: checking for strings.h
configure:5067: gcc -c -g -O2  conftest.c >&5
configure:5067: $? = 0
configure:5067: result: yes
configure:5067: checking for sys/stat.h
configure:5067: gcc -c -g -O2  conftest.c >&5
configure:5067: $? = 0
configure:5067: result: yes
configure:5067: checking for sys/types.h
configure:5067: gcc -c -g -O2  conftest.c >&5
configure:5067: $? = 0
configure:5067: result: yes
configure:5067: checking for unistd.h
configure:5067: gcc -c -g -O2  conftest.c >&5
configure:5067: $? = 0
configure:5067: result: yes
configure:5067: checking for wchar.h
configure:5067: gcc -c -g -O2  conftest.c >&5
configure:5067: $? = 0
configure:5067: result: yes
configure:5067: checking for minix/config.h
configure:5067: gcc -c -g -O2  conftest.c >&5
conftest.c:51:10: fatal error: 'minix/config.h' file not found
   51 | #include <minix/config.h>
      |          ^~~~~~~~~~~~~~~~
1 error generated.
configure:5067: $? = 1
configure: failed program was:
| /* confdefs.h */
| #define PACKAGE_NAME "file"
| #define PACKAGE_TARNAME "file"
| #define PACKAGE_VERSION "5.45"
| #define PACKAGE_STRING "file 5.45"
| #define PACKAGE_BUGREPORT "christos@astron.com"
| #define PACKAGE_URL ""
| #define PACKAGE "file"
| #define VERSION "5.45"
| #define BUILTIN_ELF 1
| #define ELFCORE 1
| #define HAVE_STDIO_H 1
| #define HAVE_STDLIB_H 1
| #define HAVE_STRING_H 1
| #define HAVE_INTTYPES_H 1
| #define HAVE_STDINT_H 1
| #define HAVE_STRINGS_H 1
| #define HAVE_SYS_STAT_H 1
| #define HAVE_SYS_TYPES_H 1
| #define HAVE_UNISTD_H 1
| #define HAVE_WCHAR_H 1
| /* end confdefs.h.  */
| #include <stddef.h>
| #ifdef HAVE_STDIO_H
| # include <stdio.h>
| #endif
| #ifdef HAVE_STDLIB_H
| # include <stdlib.h>
| #endif
| #ifdef HAVE_STRING_H
| # include <string.h>
| #endif
| #ifdef HAVE_INTTYPES_H
| # include <inttypes.h>
| #endif
| #ifdef HAVE_STDINT_H
| # include <stdint.h>
| #endif
| #ifdef HAVE_STRINGS_H
| # include <strings.h>
| #endif
| #ifdef HAVE_SYS_TYPES_H
| # include <sys/types.h>
| #endif
| #ifdef HAVE_SYS_STAT_H
| # include <sys/stat.h>
| #endif
| #ifdef HAVE_UNISTD_H
| # include <unistd.h>
| #endif
| #include <minix/config.h>
configure:5067: result: no
configure:5067: checking for sys/param.h
configure:5067: gcc -c -g -O2  conftest.c >&5
configure:5067: $? = 0
configure:5067: result: yes
configure:5067: checking for vfork.h
configure:5067: gcc -c -g -O2  conftest.c >&5
conftest.c:52:10: fatal error: 'vfork.h' file not found
   52 | #include <vfork.h>
      |          ^~~~~~~~~
1 error generated.
configure:5067: $? = 1
configure: failed program was:
| /* confdefs.h */
| #define PACKAGE_NAME "file"
| #define PACKAGE_TARNAME "file"
| #define PACKAGE_VERSION "5.45"
| #define PACKAGE_STRING "file 5.45"
| #define PACKAGE_BUGREPORT "christos@astron.com"
| #define PACKAGE_URL ""
| #define PACKAGE "file"
| #define VERSION "5.45"
| #define BUILTIN_ELF 1
| #define ELFCORE 1
| #define HAVE_STDIO_H 1
| #define HAVE_STDLIB_H 1
| #define HAVE_STRING_H 1
| #define HAVE_INTTYPES_H 1
| #define HAVE_STDINT_H 1
| #define HAVE_STRINGS_H 1
| #define HAVE_SYS_STAT_H 1
| #define HAVE_SYS_TYPES_H 1
| #define HAVE_UNISTD_H 1
| #define HAVE_WCHAR_H 1
| #define HAVE_SYS_PARAM_H 1
| /* end confdefs.h.  */
| #include <stddef.h>
| #ifdef HAVE_STDIO_H
| # include <stdio.h>
| #endif
| #ifdef HAVE_STDLIB_H
| # include <stdlib.h>
| #endif
| #ifdef HAVE_STRING_H
| # include <string.h>
| #endif
| #ifdef HAVE_INTTYPES_H
| # include <inttypes.h>
| #endif
| #ifdef HAVE_STDINT_H
| # include <stdint.h>
| #endif
| #ifdef HAVE_STRINGS_H
| # include <strings.h>
| #endif
| #ifdef HAVE_SYS_TYPES_H
| # include <sys/types.h>
| #endif
| #ifdef HAVE_SYS_STAT_H
| # include <sys/stat.h>
| #endif
| #ifdef HAVE_UNISTD_H
| # include <unistd.h>
| #endif
| #include <vfork.h>
configure:5067: result: no
configure:5098: checking whether it is safe to define __EXTENSIONS__
configure:5117: gcc -c -g -O2  conftest.c >&5
configure:5117: $? = 0
configure:5125: result: yes
configure:5128: checking whether _XOPEN_SOURCE should be defined
configure:5150: gcc -c -g -O2  conftest.c >&5
configure:5150: $? = 0
configure:5177: result: no
configure:5234: checking whether byte ordering is bigendian
configure:5250: gcc -c -g -O2  conftest.c >&5
conftest.c:42:9: error: unknown type name 'not'
   42 |                not a universal capable compiler
      |                ^
conftest.c:42:14: error: expected ';' after top level declarator
   42 |                not a universal capable compiler
      |                     ^
      |                     ;
2 errors generated.
configure:5250: $? = 1
configure: failed program was:
| /* confdefs.h */
| #define PACKAGE_NAME "file"
| #define PACKAGE_TARNAME "file"
| #define PACKAGE_VERSION "5.45"
| #define PACKAGE_STRING "file 5.45"
| #define PACKAGE_BUGREPORT "christos@astron.com"
| #define PACKAGE_URL ""
| #define PACKAGE "file"
| #define VERSION "5.45"
| #define BUILTIN_ELF 1
| #define ELFCORE 1
| #define HAVE_STDIO_H 1
| #define HAVE_STDLIB_H 1
| #define HAVE_STRING_H 1
| #define HAVE_INTTYPES_H 1
| #define HAVE_STDINT_H 1
| #define HAVE_STRINGS_H 1
| #define HAVE_SYS_STAT_H 1
| #define HAVE_SYS_TYPES_H 1
| #define HAVE_UNISTD_H 1
| #define HAVE_WCHAR_H 1
| #define HAVE_SYS_PARAM_H 1
| #define STDC_HEADERS 1
| #define _ALL_SOURCE 1
| #define _DARWIN_C_SOURCE 1
| #define _GNU_SOURCE 1
| #define _HPUX_ALT_XOPEN_SOCKET_API 1
| #define _NETBSD_SOURCE 1
| #define _OPENBSD_SOURCE 1
| #define _POSIX_PTHREAD_SEMANTICS 1
| #define __STDC_WANT_IEC_60559_ATTRIBS_EXT__ 1
| #define __STDC_WANT_IEC_60559_BFP_EXT__ 1
| #define __STDC_WANT_IEC_60559_DFP_EXT__ 1
| #define __STDC_WANT_IEC_60559_FUNCS_EXT__ 1
| #define __STDC_WANT_IEC_60559_TYPES_EXT__ 1
| #define __STDC_WANT_LIB_EXT2__ 1
| #define __STDC_WANT_MATH_SPEC_FUNCS__ 1
| #define _TANDEM_SOURCE 1
| #define __EXTENSIONS__ 1
| /* end confdefs.h.  */
| #ifndef __APPLE_CC__
| 	       not a universal capable compiler
| 	     #endif
| 	     typedef int dummy;
| 
configure:5296: gcc -c -g -O2  conftest.c >&5
configure:5296: $? = 0
configure:5315: gcc -c -g -O2  conftest.c >&5
conftest.c:48:4: error: use of undeclared identifier 'not'
   48 |                  not big endian
      |                  ^
1 error generated.
configure:5315: $? = 1
configure: failed program was:
| /* confdefs.h */
| #define PACKAGE_NAME "file"
| #define PACKAGE_TARNAME "file"
| #define PACKAGE_VERSION "5.45"
| #define PACKAGE_STRING "file 5.45"
| #define PACKAGE_BUGREPORT "christos@astron.com"
| #define PACKAGE_URL ""
| #define PACKAGE "file"
| #define VERSION "5.45"
| #define BUILTIN_ELF 1
| #define ELFCORE 1
| #define HAVE_STDIO_H 1
| #define HAVE_STDLIB_H 1
| #define HAVE_STRING_H 1
| #define HAVE_INTTYPES_H 1
| #define HAVE_STDINT_H 1
| #define HAVE_STRINGS_H 1
| #define HAVE_SYS_STAT_H 1
| #define HAVE_SYS_TYPES_H 1
| #define HAVE_UNISTD_H 1
| #define HAVE_WCHAR_H 1
| #define HAVE_SYS_PARAM_H 1
| #define STDC_HEADERS 1
| #define _ALL_SOURCE 1
| #define _DARWIN_C_SOURCE 1
| #define _GNU_SOURCE 1
| #define _HPUX_ALT_XOPEN_SOCKET_API 1
| #define _NETBSD_SOURCE 1
| #define _OPENBSD_SOURCE 1
| #define _POSIX_PTHREAD_SEMANTICS 1
| #define __STDC_WANT_IEC_60559_ATTRIBS_EXT__ 1
| #define __STDC_WANT_IEC_60559_BFP_EXT__ 1
| #define __STDC_WANT_IEC_60559_DFP_EXT__ 1
| #define __STDC_WANT_IEC_60559_FUNCS_EXT__ 1
| #define __STDC_WANT_IEC_60559_TYPES_EXT__ 1
| #define __STDC_WANT_LIB_EXT2__ 1
| #define __STDC_WANT_MATH_SPEC_FUNCS__ 1
| #define _TANDEM_SOURCE 1
| #define __EXTENSIONS__ 1
| /* end confdefs.h.  */
| #include <sys/types.h>
| 		#include <sys/param.h>
| 
| int
| main (void)
| {
| #if BYTE_ORDER != BIG_ENDIAN
| 		 not big endian
| 		#endif
| 
|   ;
|   return 0;
| }
configure:5449: result: no
configure:5468: checking whether ln -s works
configure:5472: result: yes
configure:5526: checking how to print strings
configure:5553: result: printf
configure:5574: checking for a sed that does not truncate output
configure:5644: result: /data/data/com.termux/files/usr/bin/sed
configure:5662: checking for grep that handles long lines and -e
configure:5726: result: /data/data/com.termux/files/usr/bin/grep
configure:5731: checking for egrep
configure:5799: result: /data/data/com.termux/files/usr/bin/grep -E
configure:5804: checking for fgrep
configure:5872: result: /data/data/com.termux/files/usr/bin/grep -F
configure:5908: checking for ld used by gcc
configure:5979: result: no
configure:5982: error: no acceptable ld found in $PATH

## ---------------- ##
## Cache variables. ##
## ---------------- ##

ac_cv_build='armv7l-unknown-linux-gnueabi'
ac_cv_c_bigendian='no'
ac_cv_c_compiler_gnu='yes'
ac_cv_env_CC_set=''
ac_cv_env_CC_value=''
ac_cv_env_CFLAGS_set=''
ac_cv_env_CFLAGS_value=''
ac_cv_env_CPPFLAGS_set=''
ac_cv_env_CPPFLAGS_value=''
ac_cv_env_LDFLAGS_set=''
ac_cv_env_LDFLAGS_value=''
ac_cv_env_LIBS_set=''
ac_cv_env_LIBS_value=''
ac_cv_env_LT_SYS_LIBRARY_PATH_set=''
ac_cv_env_LT_SYS_LIBRARY_PATH_value=''
ac_cv_env_build_alias_set=''
ac_cv_env_build_alias_value=''
ac_cv_env_host_alias_set=''
ac_cv_env_host_alias_value=''
ac_cv_env_target_alias_set=''
ac_cv_env_target_alias_value=''
ac_cv_header_inttypes_h='yes'
ac_cv_header_minix_config_h='no'
ac_cv_header_stdint_h='yes'
ac_cv_header_stdio_h='yes'
ac_cv_header_stdlib_h='yes'
ac_cv_header_string_h='yes'
ac_cv_header_strings_h='yes'
ac_cv_header_sys_param_h='yes'
ac_cv_header_sys_stat_h='yes'
ac_cv_header_sys_types_h='yes'
ac_cv_header_unistd_h='yes'
ac_cv_header_vfork_h='no'
ac_cv_header_wchar_h='yes'
ac_cv_host='armv7l-unknown-linux-gnueabi'
ac_cv_objext='o'
ac_cv_path_EGREP='/data/data/com.termux/files/usr/bin/grep -E'
ac_cv_path_FGREP='/data/data/com.termux/files/usr/bin/grep -F'
ac_cv_path_GREP='/data/data/com.termux/files/usr/bin/grep'
ac_cv_path_SED='/data/data/com.termux/files/usr/bin/sed'
ac_cv_path_install='/data/data/com.termux/files/usr/bin/install -c'
ac_cv_path_mkdir='/data/data/com.termux/files/usr/bin/mkdir'
ac_cv_prog_AWK='gawk'
ac_cv_prog_ac_ct_CC='gcc'
ac_cv_prog_cc_c11=''
ac_cv_prog_cc_g='yes'
ac_cv_prog_cc_stdc=''
ac_cv_prog_make_make_set='yes'
ac_cv_safe_to_define___extensions__='yes'
ac_cv_should_define__xopen_source='no'
am_cv_CC_dependencies_compiler_type='gcc3'
am_cv_make_support_nested_variables='yes'
am_cv_prog_cc_c_o='yes'

## ----------------- ##
## Output variables. ##
## ----------------- ##

ACLOCAL='${SHELL} '\''/data/data/com.termux/files/home/Jim_Antivirus/file-5.45/missing'\'' aclocal-1.16'
AMDEPBACKSLASH='\'
AMDEP_FALSE='#'
AMDEP_TRUE=''
AMTAR='$${TAR-tar}'
AM_BACKSLASH='\'
AM_DEFAULT_V='$(AM_DEFAULT_VERBOSITY)'
AM_DEFAULT_VERBOSITY='0'
AM_V='$(V)'
AR=''
AUTOCONF='${SHELL} '\''/data/data/com.termux/files/home/Jim_Antivirus/file-5.45/missing'\'' autoconf'
AUTOHEADER='${SHELL} '\''/data/data/com.termux/files/home/Jim_Antivirus/file-5.45/missing'\'' autoheader'
AUTOMAKE='${SHELL} '\''/data/data/com.termux/files/home/Jim_Antivirus/file-5.45/missing'\'' automake-1.16'
AWK='gawk'
CC='gcc'
CCDEPMODE='depmode=gcc3'
CFLAGS='-g -O2'
CFLAG_VISIBILITY=''
CPPFLAGS=''
CSCOPE='cscope'
CTAGS='ctags'
CYGPATH_W='echo'
DEFS=''
DEPDIR='.deps'
DLLTOOL=''
DSYMUTIL=''
DUMPBIN=''
ECHO_C=''
ECHO_N='-n'
ECHO_T=''
EGREP='/data/data/com.termux/files/usr/bin/grep -E'
ETAGS='etags'
EXEEXT=''
FGREP='/data/data/com.termux/files/usr/bin/grep -F'
FSECT5_FALSE=''
FSECT5_TRUE='#'
GREP='/data/data/com.termux/files/usr/bin/grep'
HAVE_VISIBILITY=''
INSTALL_DATA='${INSTALL} -m 644'
INSTALL_PROGRAM='${INSTALL}'
INSTALL_SCRIPT='${INSTALL}'
INSTALL_STRIP_PROGRAM='$(install_sh) -c -s'
IS_CROSS_COMPILE_FALSE=''
IS_CROSS_COMPILE_TRUE=''
LD=''
LDFLAGS=''
LIBOBJS=''
LIBS=''
LIBTOOL=''
LIPO=''
LN_S='ln -s'
LTLIBOBJS=''
LT_SYS_LIBRARY_PATH=''
MAKEINFO='${SHELL} '\''/data/data/com.termux/files/home/Jim_Antivirus/file-5.45/missing'\'' makeinfo'
MANIFEST_TOOL=''
MINGW='0'
MINGW_FALSE=''
MINGW_TRUE='#'
MKDIR_P='/data/data/com.termux/files/usr/bin/mkdir -p'
NM=''
NMEDIT=''
OBJDUMP=''
OBJEXT='o'
OTOOL64=''
OTOOL=''
PACKAGE='file'
PACKAGE_BUGREPORT='christos@astron.com'
PACKAGE_NAME='file'
PACKAGE_STRING='file 5.45'
PACKAGE_TARNAME='file'
PACKAGE_URL=''
PACKAGE_VERSION='5.45'
PATH_SEPARATOR=':'
RANLIB=''
SED='/data/data/com.termux/files/usr/bin/sed'
SET_MAKE=''
SHELL='/bin/sh'
STRIP=''
VERSION='5.45'
WARNINGS=''
ac_ct_AR=''
ac_ct_CC='gcc'
ac_ct_DUMPBIN=''
am__EXEEXT_FALSE=''
am__EXEEXT_TRUE=''
am__fastdepCC_FALSE='#'
am__fastdepCC_TRUE=''
am__include='include'
am__isrc=''
am__leading_dot='.'
am__nodep='_no'
am__quote=''
am__tar='$${TAR-tar} chof - "$$tardir"'
am__untar='$${TAR-tar} xf -'
bindir='${exec_prefix}/bin'
build='armv7l-unknown-linux-gnueabi'
build_alias=''
build_cpu='armv7l'
build_os='linux-gnueabi'
build_vendor='unknown'
datadir='${datarootdir}'
datarootdir='${prefix}/share'
docdir='${datarootdir}/doc/${PACKAGE_TARNAME}'
dvidir='${docdir}'
exec_prefix='NONE'
fsect='4'
host='armv7l-unknown-linux-gnueabi'
host_alias=''
host_cpu='armv7l'
host_os='linux-gnueabi'
host_vendor='unknown'
htmldir='${docdir}'
includedir='${prefix}/include'
infodir='${datarootdir}/info'
install_sh='${SHELL} /data/data/com.termux/files/home/Jim_Antivirus/file-5.45/install-sh'
libdir='${exec_prefix}/lib'
libexecdir='${exec_prefix}/libexec'
localedir='${datarootdir}/locale'
localstatedir='${prefix}/var'
mandir='${datarootdir}/man'
mkdir_p='$(MKDIR_P)'
oldincludedir='/usr/include'
pdfdir='${docdir}'
pkgdatadir='$(datadir)/misc'
prefix='NONE'
program_transform_name='s,x,x,'
psdir='${docdir}'
runstatedir='${localstatedir}/run'
sbindir='${exec_prefix}/sbin'
sharedstatedir='${prefix}/com'
sysconfdir='${prefix}/etc'
target_alias=''

## ----------- ##
## confdefs.h. ##
## ----------- ##

/* confdefs.h */
#define PACKAGE_NAME "file"
#define PACKAGE_TARNAME "file"
#define PACKAGE_VERSION "5.45"
#define PACKAGE_STRING "file 5.45"
#define PACKAGE_BUGREPORT "christos@astron.com"
#define PACKAGE_URL ""
#define PACKAGE "file"
#define VERSION "5.45"
#define BUILTIN_ELF 1
#define ELFCORE 1
#define HAVE_STDIO_H 1
#define HAVE_STDLIB_H 1
#define HAVE_STRING_H 1
#define HAVE_INTTYPES_H 1
#define HAVE_STDINT_H 1
#define HAVE_STRINGS_H 1
#define HAVE_SYS_STAT_H 1
#define HAVE_SYS_TYPES_H 1
#define HAVE_UNISTD_H 1
#define HAVE_WCHAR_H 1
#define HAVE_SYS_PARAM_H 1
#define STDC_HEADERS 1
#define _ALL_SOURCE 1
#define _DARWIN_C_SOURCE 1
#define _GNU_SOURCE 1
#define _HPUX_ALT_XOPEN_SOCKET_API 1
#define _NETBSD_SOURCE 1
#define _OPENBSD_SOURCE 1
#define _POSIX_PTHREAD_SEMANTICS 1
#define __STDC_WANT_IEC_60559_ATTRIBS_EXT__ 1
#define __STDC_WANT_IEC_60559_BFP_EXT__ 1
#define __STDC_WANT_IEC_60559_DFP_EXT__ 1
#define __STDC_WANT_IEC_60559_FUNCS_EXT__ 1
#define __STDC_WANT_IEC_60559_TYPES_EXT__ 1
#define __STDC_WANT_LIB_EXT2__ 1
#define __STDC_WANT_MATH_SPEC_FUNCS__ 1
#define _TANDEM_SOURCE 1
#define __EXTENSIONS__ 1

configure: exit 1
